# JRE version: OpenJDK Runtime Environment Temurin-17.0.10+7 (17.0.10+7) (build 17.0.10+7)
# Java VM: OpenJDK 64-Bit Server VM Temurin-17.0.10+7 (17.0.10+7, mixed mode, tiered, compressed oops, compressed class ptrs, parallel gc, windows-amd64)
GC Precious Log:
 CPUs: 16 total, 16 available
 Memory: 15791M
 Large Page Support: Disabled
 NUMA Support: Disabled
 Compressed Oops: Enabled (32-bit)
 Alignments: Space 512K, Generation 512K, Heap 2M
 Heap Min Capacity: 100M
 Heap Initial Capacity: 100M
 Heap Max Capacity: 1G
 Pre-touch: Disabled
 Parallel Workers: 13
Heap:
 PSYoungGen      total 11264K, used 10072K [0x00000000eab00000, 0x00000000eb880000, 0x0000000100000000)
  eden space 8704K, 86% used [0x00000000eab00000,0x00000000eb25bfd0,0x00000000eb380000)
  from space 2560K, 99% used [0x00000000eb380000,0x00000000eb5fa380,0x00000000eb600000)
  to   space 2560K, 0% used [0x00000000eb600000,0x00000000eb600000,0x00000000eb880000)
 ParOldGen       total 167936K, used 109048K [0x00000000c0000000, 0x00000000ca400000, 0x00000000eab00000)
  object space 167936K, 64% used [0x00000000c0000000,0x00000000c6a7e348,0x00000000ca400000)
 Metaspace       used 73937K, committed 75264K, reserved 1179648K
  class space    used 7737K, committed 8320K, reserved 1048576K
GC Heap History (20 events):
Event: 68.844 GC heap before
{Heap before GC invocations=96 (full 6):
 PSYoungGen      total 12288K, used 12277K [0x00000000eab00000, 0x00000000ebc00000, 0x0000000100000000)
  eden space 8704K, 100% used [0x00000000eab00000,0x00000000eb380000,0x00000000eb380000)
  from space 3584K, 99% used [0x00000000eb780000,0x00000000ebafd5e0,0x00000000ebb00000)
  to   space 4096K, 0% used [0x00000000eb380000,0x00000000eb380000,0x00000000eb780000)
 ParOldGen       total 167936K, used 104610K [0x00000000c0000000, 0x00000000ca400000, 0x00000000eab00000)
  object space 167936K, 62% used [0x00000000c0000000,0x00000000c6628b68,0x00000000ca400000)
 Metaspace       used 72896K, committed 74240K, reserved 1179648K
  class space    used 7688K, committed 8256K, reserved 1048576K
}
Event: 68.845 GC heap after
{Heap after GC invocations=96 (full 6):
 PSYoungGen      total 12800K, used 3780K [0x00000000eab00000, 0x00000000ebb80000, 0x0000000100000000)
  eden space 8704K, 0% used [0x00000000eab00000,0x00000000eab00000,0x00000000eb380000)
  from space 4096K, 92% used [0x00000000eb380000,0x00000000eb731290,0x00000000eb780000)
  to   space 4096K, 0% used [0x00000000eb780000,0x00000000eb780000,0x00000000ebb80000)
 ParOldGen       total 167936K, used 105266K [0x00000000c0000000, 0x00000000ca400000, 0x00000000eab00000)
  object space 167936K, 62% used [0x00000000c0000000,0x00000000c66cc878,0x00000000ca400000)
 Metaspace       used 72896K, committed 74240K, reserved 1179648K
  class space    used 7688K, committed 8256K, reserved 1048576K
}
Event: 70.253 GC heap before
{Heap before GC invocations=97 (full 6):
 PSYoungGen      total 12800K, used 12484K [0x00000000eab00000, 0x00000000ebb80000, 0x0000000100000000)
  eden space 8704K, 100% used [0x00000000eab00000,0x00000000eb380000,0x00000000eb380000)
  from space 4096K, 92% used [0x00000000eb380000,0x00000000eb731290,0x00000000eb780000)
  to   space 4096K, 0% used [0x00000000eb780000,0x00000000eb780000,0x00000000ebb80000)
 ParOldGen       total 167936K, used 105266K [0x00000000c0000000, 0x00000000ca400000, 0x00000000eab00000)
  object space 167936K, 62% used [0x00000000c0000000,0x00000000c66cc878,0x00000000ca400000)
 Metaspace       used 73025K, committed 74368K, reserved 1179648K
  class space    used 7688K, committed 8256K, reserved 1048576K
}
Event: 70.254 GC heap after
{Heap after GC invocations=97 (full 6):
 PSYoungGen      total 12800K, used 3480K [0x00000000eab00000, 0x00000000ebb80000, 0x0000000100000000)
  eden space 8704K, 0% used [0x00000000eab00000,0x00000000eab00000,0x00000000eb380000)
  from space 4096K, 84% used [0x00000000eb780000,0x00000000ebae6300,0x00000000ebb80000)
  to   space 4096K, 0% used [0x00000000eb380000,0x00000000eb380000,0x00000000eb780000)
 ParOldGen       total 167936K, used 105274K [0x00000000c0000000, 0x00000000ca400000, 0x00000000eab00000)
  object space 167936K, 62% used [0x00000000c0000000,0x00000000c66ce878,0x00000000ca400000)
 Metaspace       used 73025K, committed 74368K, reserved 1179648K
  class space    used 7688K, committed 8256K, reserved 1048576K
}
Event: 70.737 GC heap before
{Heap before GC invocations=98 (full 6):
 PSYoungGen      total 12800K, used 12184K [0x00000000eab00000, 0x00000000ebb80000, 0x0000000100000000)
  eden space 8704K, 100% used [0x00000000eab00000,0x00000000eb380000,0x00000000eb380000)
  from space 4096K, 84% used [0x00000000eb780000,0x00000000ebae6300,0x00000000ebb80000)
  to   space 4096K, 0% used [0x00000000eb380000,0x00000000eb380000,0x00000000eb780000)
 ParOldGen       total 167936K, used 105274K [0x00000000c0000000, 0x00000000ca400000, 0x00000000eab00000)
  object space 167936K, 62% used [0x00000000c0000000,0x00000000c66ce878,0x00000000ca400000)
 Metaspace       used 73089K, committed 74432K, reserved 1179648K
  class space    used 7688K, committed 8256K, reserved 1048576K
}
Event: 70.739 GC heap after
{Heap after GC invocations=98 (full 6):
 PSYoungGen      total 12800K, used 4077K [0x00000000eab00000, 0x00000000ebc80000, 0x0000000100000000)
  eden space 8704K, 0% used [0x00000000eab00000,0x00000000eab00000,0x00000000eb380000)
  from space 4096K, 99% used [0x00000000eb380000,0x00000000eb77b520,0x00000000eb780000)
  to   space 4608K, 0% used [0x00000000eb800000,0x00000000eb800000,0x00000000ebc80000)
 ParOldGen       total 167936K, used 105354K [0x00000000c0000000, 0x00000000ca400000, 0x00000000eab00000)
  object space 167936K, 62% used [0x00000000c0000000,0x00000000c66e2878,0x00000000ca400000)
 Metaspace       used 73089K, committed 74432K, reserved 1179648K
  class space    used 7688K, committed 8256K, reserved 1048576K
}
Event: 72.301 GC heap before
{Heap before GC invocations=99 (full 6):
 PSYoungGen      total 12800K, used 12775K [0x00000000eab00000, 0x00000000ebc80000, 0x0000000100000000)
  eden space 8704K, 99% used [0x00000000eab00000,0x00000000eb37ea20,0x00000000eb380000)
  from space 4096K, 99% used [0x00000000eb380000,0x00000000eb77b520,0x00000000eb780000)
  to   space 4608K, 0% used [0x00000000eb800000,0x00000000eb800000,0x00000000ebc80000)
 ParOldGen       total 167936K, used 105354K [0x00000000c0000000, 0x00000000ca400000, 0x00000000eab00000)
  object space 167936K, 62% used [0x00000000c0000000,0x00000000c66e2878,0x00000000ca400000)
 Metaspace       used 73163K, committed 74496K, reserved 1179648K
  class space    used 7688K, committed 8256K, reserved 1048576K
}
Event: 72.303 GC heap after
{Heap after GC invocations=99 (full 6):
 PSYoungGen      total 12288K, used 3209K [0x00000000eab00000, 0x00000000ebb80000, 0x0000000100000000)
  eden space 8704K, 0% used [0x00000000eab00000,0x00000000eab00000,0x00000000eb380000)
  from space 3584K, 89% used [0x00000000eb800000,0x00000000ebb22480,0x00000000ebb80000)
  to   space 3584K, 0% used [0x00000000eb480000,0x00000000eb480000,0x00000000eb800000)
 ParOldGen       total 167936K, used 106276K [0x00000000c0000000, 0x00000000ca400000, 0x00000000eab00000)
  object space 167936K, 63% used [0x00000000c0000000,0x00000000c67c93d8,0x00000000ca400000)
 Metaspace       used 73163K, committed 74496K, reserved 1179648K
  class space    used 7688K, committed 8256K, reserved 1048576K
}
Event: 86.254 GC heap before
{Heap before GC invocations=100 (full 6):
 PSYoungGen      total 12288K, used 11393K [0x00000000eab00000, 0x00000000ebb80000, 0x0000000100000000)
  eden space 8704K, 94% used [0x00000000eab00000,0x00000000eb2fe240,0x00000000eb380000)
  from space 3584K, 89% used [0x00000000eb800000,0x00000000ebb22480,0x00000000ebb80000)
  to   space 3584K, 0% used [0x00000000eb480000,0x00000000eb480000,0x00000000eb800000)
 ParOldGen       total 167936K, used 106276K [0x00000000c0000000, 0x00000000ca400000, 0x00000000eab00000)
  object space 167936K, 63% used [0x00000000c0000000,0x00000000c67c93d8,0x00000000ca400000)
 Metaspace       used 73231K, committed 74560K, reserved 1179648K
  class space    used 7690K, committed 8256K, reserved 1048576K
}
Event: 86.255 GC heap after
{Heap after GC invocations=100 (full 6):
 PSYoungGen      total 12288K, used 3481K [0x00000000eab00000, 0x00000000eba80000, 0x0000000100000000)
  eden space 8704K, 0% used [0x00000000eab00000,0x00000000eab00000,0x00000000eb380000)
  from space 3584K, 97% used [0x00000000eb480000,0x00000000eb7e6490,0x00000000eb800000)
  to   space 2560K, 0% used [0x00000000eb800000,0x00000000eb800000,0x00000000eba80000)
 ParOldGen       total 167936K, used 106284K [0x00000000c0000000, 0x00000000ca400000, 0x00000000eab00000)
  object space 167936K, 63% used [0x00000000c0000000,0x00000000c67cb3d8,0x00000000ca400000)
 Metaspace       used 73231K, committed 74560K, reserved 1179648K
  class space    used 7690K, committed 8256K, reserved 1048576K
}
Event: 87.747 GC heap before
{Heap before GC invocations=101 (full 6):
 PSYoungGen      total 12288K, used 12180K [0x00000000eab00000, 0x00000000eba80000, 0x0000000100000000)
  eden space 8704K, 99% used [0x00000000eab00000,0x00000000eb37eed0,0x00000000eb380000)
  from space 3584K, 97% used [0x00000000eb480000,0x00000000eb7e6490,0x00000000eb800000)
  to   space 2560K, 0% used [0x00000000eb800000,0x00000000eb800000,0x00000000eba80000)
 ParOldGen       total 167936K, used 106284K [0x00000000c0000000, 0x00000000ca400000, 0x00000000eab00000)
  object space 167936K, 63% used [0x00000000c0000000,0x00000000c67cb3d8,0x00000000ca400000)
 Metaspace       used 73232K, committed 74560K, reserved 1179648K
  class space    used 7690K, committed 8256K, reserved 1048576K
}
Event: 87.749 GC heap after
{Heap after GC invocations=101 (full 6):
 PSYoungGen      total 11264K, used 2542K [0x00000000eab00000, 0x00000000ebc80000, 0x0000000100000000)
  eden space 8704K, 0% used [0x00000000eab00000,0x00000000eab00000,0x00000000eb380000)
  from space 2560K, 99% used [0x00000000eb800000,0x00000000eba7b9e8,0x00000000eba80000)
  to   space 4608K, 0% used [0x00000000eb380000,0x00000000eb380000,0x00000000eb800000)
 ParOldGen       total 167936K, used 107880K [0x00000000c0000000, 0x00000000ca400000, 0x00000000eab00000)
  object space 167936K, 64% used [0x00000000c0000000,0x00000000c695a2f8,0x00000000ca400000)
 Metaspace       used 73232K, committed 74560K, reserved 1179648K
  class space    used 7690K, committed 8256K, reserved 1048576K
}
Event: 88.686 GC heap before
{Heap before GC invocations=102 (full 6):
 PSYoungGen      total 11264K, used 10951K [0x00000000eab00000, 0x00000000ebc80000, 0x0000000100000000)
  eden space 8704K, 96% used [0x00000000eab00000,0x00000000eb3362a0,0x00000000eb380000)
  from space 2560K, 99% used [0x00000000eb800000,0x00000000eba7b9e8,0x00000000eba80000)
  to   space 4608K, 0% used [0x00000000eb380000,0x00000000eb380000,0x00000000eb800000)
 ParOldGen       total 167936K, used 107880K [0x00000000c0000000, 0x00000000ca400000, 0x00000000eab00000)
  object space 167936K, 64% used [0x00000000c0000000,0x00000000c695a2f8,0x00000000ca400000)
 Metaspace       used 73251K, committed 74624K, reserved 1179648K
  class space    used 7691K, committed 8256K, reserved 1048576K
}
Event: 88.688 GC heap after
{Heap after GC invocations=102 (full 6):
 PSYoungGen      total 10752K, used 1636K [0x00000000eab00000, 0x00000000eb880000, 0x0000000100000000)
  eden space 8704K, 0% used [0x00000000eab00000,0x00000000eab00000,0x00000000eb380000)
  from space 2048K, 79% used [0x00000000eb380000,0x00000000eb519270,0x00000000eb580000)
  to   space 2560K, 0% used [0x00000000eb600000,0x00000000eb600000,0x00000000eb880000)
 ParOldGen       total 167936K, used 108392K [0x00000000c0000000, 0x00000000ca400000, 0x00000000eab00000)
  object space 167936K, 64% used [0x00000000c0000000,0x00000000c69da308,0x00000000ca400000)
 Metaspace       used 73251K, committed 74624K, reserved 1179648K
  class space    used 7691K, committed 8256K, reserved 1048576K
}
Event: 89.169 GC heap before
{Heap before GC invocations=103 (full 6):
 PSYoungGen      total 10752K, used 9964K [0x00000000eab00000, 0x00000000eb880000, 0x0000000100000000)
  eden space 8704K, 95% used [0x00000000eab00000,0x00000000eb321f30,0x00000000eb380000)
  from space 2048K, 79% used [0x00000000eb380000,0x00000000eb519270,0x00000000eb580000)
  to   space 2560K, 0% used [0x00000000eb600000,0x00000000eb600000,0x00000000eb880000)
 ParOldGen       total 167936K, used 108392K [0x00000000c0000000, 0x00000000ca400000, 0x00000000eab00000)
  object space 167936K, 64% used [0x00000000c0000000,0x00000000c69da308,0x00000000ca400000)
 Metaspace       used 73253K, committed 74624K, reserved 1179648K
  class space    used 7691K, committed 8256K, reserved 1048576K
}
Event: 89.170 GC heap after
{Heap after GC invocations=103 (full 6):
 PSYoungGen      total 10752K, used 1690K [0x00000000eab00000, 0x00000000eb800000, 0x0000000100000000)
  eden space 8704K, 0% used [0x00000000eab00000,0x00000000eab00000,0x00000000eb380000)
  from space 2048K, 82% used [0x00000000eb600000,0x00000000eb7a6960,0x00000000eb800000)
  to   space 2048K, 0% used [0x00000000eb380000,0x00000000eb380000,0x00000000eb580000)
 ParOldGen       total 167936K, used 108392K [0x00000000c0000000, 0x00000000ca400000, 0x00000000eab00000)
  object space 167936K, 64% used [0x00000000c0000000,0x00000000c69da308,0x00000000ca400000)
 Metaspace       used 73253K, committed 74624K, reserved 1179648K
  class space    used 7691K, committed 8256K, reserved 1048576K
}
Event: 95.575 GC heap before
{Heap before GC invocations=104 (full 6):
 PSYoungGen      total 10752K, used 10394K [0x00000000eab00000, 0x00000000eb800000, 0x0000000100000000)
  eden space 8704K, 100% used [0x00000000eab00000,0x00000000eb380000,0x00000000eb380000)
  from space 2048K, 82% used [0x00000000eb600000,0x00000000eb7a6960,0x00000000eb800000)
  to   space 2048K, 0% used [0x00000000eb380000,0x00000000eb380000,0x00000000eb580000)
 ParOldGen       total 167936K, used 108392K [0x00000000c0000000, 0x00000000ca400000, 0x00000000eab00000)
  object space 167936K, 64% used [0x00000000c0000000,0x00000000c69da308,0x00000000ca400000)
 Metaspace       used 73324K, committed 74688K, reserved 1179648K
  class space    used 7693K, committed 8256K, reserved 1048576K
}
Event: 95.576 GC heap after
{Heap after GC invocations=104 (full 6):
 PSYoungGen      total 10752K, used 2036K [0x00000000eab00000, 0x00000000eb880000, 0x0000000100000000)
  eden space 8704K, 0% used [0x00000000eab00000,0x00000000eab00000,0x00000000eb380000)
  from space 2048K, 99% used [0x00000000eb380000,0x00000000eb57d240,0x00000000eb580000)
  to   space 2560K, 0% used [0x00000000eb600000,0x00000000eb600000,0x00000000eb880000)
 ParOldGen       total 167936K, used 108472K [0x00000000c0000000, 0x00000000ca400000, 0x00000000eab00000)
  object space 167936K, 64% used [0x00000000c0000000,0x00000000c69ee328,0x00000000ca400000)
 Metaspace       used 73324K, committed 74688K, reserved 1179648K
  class space    used 7693K, committed 8256K, reserved 1048576K
}
Event: 105.039 GC heap before
{Heap before GC invocations=105 (full 6):
 PSYoungGen      total 10752K, used 10732K [0x00000000eab00000, 0x00000000eb880000, 0x0000000100000000)
  eden space 8704K, 99% used [0x00000000eab00000,0x00000000eb37dee8,0x00000000eb380000)
  from space 2048K, 99% used [0x00000000eb380000,0x00000000eb57d240,0x00000000eb580000)
  to   space 2560K, 0% used [0x00000000eb600000,0x00000000eb600000,0x00000000eb880000)
 ParOldGen       total 167936K, used 108472K [0x00000000c0000000, 0x00000000ca400000, 0x00000000eab00000)
  object space 167936K, 64% used [0x00000000c0000000,0x00000000c69ee328,0x00000000ca400000)
 Metaspace       used 73344K, committed 74688K, reserved 1179648K
  class space    used 7693K, committed 8256K, reserved 1048576K
}
Event: 105.041 GC heap after
{Heap after GC invocations=105 (full 6):
 PSYoungGen      total 11264K, used 2468K [0x00000000eab00000, 0x00000000eb880000, 0x0000000100000000)
  eden space 8704K, 0% used [0x00000000eab00000,0x00000000eab00000,0x00000000eb380000)
  from space 2560K, 96% used [0x00000000eb600000,0x00000000eb869230,0x00000000eb880000)
  to   space 2560K, 0% used [0x00000000eb380000,0x00000000eb380000,0x00000000eb600000)
 ParOldGen       total 167936K, used 108672K [0x00000000c0000000, 0x00000000ca400000, 0x00000000eab00000)
  object space 167936K, 64% used [0x00000000c0000000,0x00000000c6a20348,0x00000000ca400000)
 Metaspace       used 73344K, committed 74688K, reserved 1179648K
  class space    used 7693K, committed 8256K, reserved 1048576K
}

